TN:
SF:src/check.ts
FN:7,check
FNF:1
FNH:1
FNDA:206,check
DA:3,1
DA:7,1
DA:8,206
DA:10,206
DA:11,3
DA:12,3
DA:14,206
DA:15,2
DA:16,2
DA:18,206
DA:19,833
DA:21,833
DA:22,2
DA:23,2
DA:25,831
DA:26,2093
DA:28,2093
DA:29,860
DA:30,4
DA:31,4
DA:33,2093
DA:34,2093
DA:35,831
DA:37,833
DA:38,833
DA:40,663
DA:41,663
LF:27
LH:27
BRDA:7,0,0,206
BRDA:8,1,0,2
BRDA:10,2,0,3
BRDA:12,3,0,203
BRDA:14,4,0,2
BRDA:16,5,0,201
BRDA:18,6,0,833
BRDA:21,7,0,2
BRDA:23,8,0,831
BRDA:37,9,0,168
BRDA:38,10,0,663
BRDA:25,11,0,2093
BRDA:26,12,0,12
BRDA:26,13,0,2081
BRDA:28,14,0,860
BRDA:29,15,0,856
BRDA:29,16,0,4
BRDA:31,17,0,1221
BRDA:33,18,0,366
BRDA:33,19,0,855
BRF:20
BRH:20
end_of_record
TN:
SF:src/closest.ts
FN:19,closest
FNF:1
FNH:1
FNDA:95,closest
DA:19,1
DA:20,95
DA:21,95
DA:22,95
DA:23,95
DA:24,95
DA:26,95
DA:27,5
DA:28,5
DA:30,90
DA:31,90
DA:32,66
DA:33,24
DA:35,95
DA:36,24
DA:37,24
DA:39,66
DA:40,66
DA:42,95
DA:43,162
DA:44,162
DA:46,162
DA:47,36
DA:48,12
DA:49,12
DA:50,36
DA:51,36
DA:53,126
DA:55,162
DA:56,6
DA:57,2
DA:58,2
DA:59,4
DA:60,4
DA:61,162
DA:63,24
DA:64,24
LF:37
LH:37
BRDA:19,0,0,95
BRDA:26,1,0,5
BRDA:28,2,0,90
BRDA:31,3,0,66
BRDA:32,4,0,24
BRDA:35,5,0,24
BRDA:37,6,0,66
BRDA:42,7,0,162
BRDA:46,8,0,36
BRDA:47,9,0,12
BRDA:49,10,0,24
BRDA:50,11,0,12
BRDA:50,12,0,12
BRDA:51,13,0,126
BRDA:55,14,0,6
BRDA:56,15,0,2
BRDA:58,16,0,4
BRDA:61,17,0,24
BRF:18
BRH:18
end_of_record
TN:
SF:src/index.ts
FNF:0
FNH:0
DA:1,1
DA:2,1
LF:2
LH:2
BRF:0
BRH:0
end_of_record
TN:
SF:src/recht.ts
FN:21,Recht
FN:26,check
FN:36,closest
FN:48,closestValue
FN:60,closestVerbose
FN:72,<static_initializer>
FNF:6
FNH:6
FNDA:13,Recht
FNDA:23,check
FNDA:8,closest
FNDA:7,closestValue
FNDA:7,closestVerbose
FNDA:1,<static_initializer>
DA:1,1
DA:2,1
DA:17,1
DA:21,1
DA:22,13
DA:23,13
DA:24,13
DA:26,1
DA:27,23
DA:28,23
DA:29,23
DA:30,23
DA:31,23
DA:32,23
DA:33,23
DA:34,23
DA:36,1
DA:37,8
DA:38,8
DA:39,8
DA:40,8
DA:41,8
DA:42,8
DA:43,8
DA:44,8
DA:45,8
DA:46,8
DA:48,1
DA:49,7
DA:50,7
DA:51,7
DA:52,7
DA:53,7
DA:54,7
DA:55,7
DA:56,7
DA:57,7
DA:58,7
DA:60,1
DA:61,7
DA:62,7
DA:63,7
DA:64,7
DA:65,7
DA:66,7
DA:67,7
DA:68,7
DA:69,7
DA:70,7
DA:72,1
DA:74,1
DA:75,9
DA:76,9
DA:78,9
DA:79,9
DA:80,9
DA:81,9
DA:82,9
DA:83,9
DA:84,9
DA:85,9
DA:86,9
DA:91,1
DA:92,8
DA:93,8
DA:95,8
DA:96,8
DA:97,8
DA:98,8
DA:99,8
DA:100,8
DA:101,8
DA:102,8
DA:103,8
DA:108,1
DA:109,8
DA:110,8
DA:112,8
DA:113,8
DA:114,8
DA:115,8
DA:116,8
DA:117,8
DA:118,8
DA:119,8
DA:120,8
DA:124,1
DA:126,1
LF:88
LH:88
BRDA:21,0,0,13
BRDA:22,1,0,1
BRDA:22,2,0,1
BRDA:22,3,0,12
BRDA:23,4,0,1
BRDA:23,5,0,12
BRDA:26,6,0,23
BRDA:36,7,0,8
BRDA:48,8,0,7
BRDA:60,9,0,7
BRDA:72,10,0,1
BRDA:74,11,0,9
BRDA:80,12,0,7
BRDA:80,13,0,2
BRDA:81,14,0,7
BRDA:81,15,0,2
BRDA:91,16,0,8
BRDA:97,17,0,7
BRDA:97,18,0,1
BRDA:98,19,0,7
BRDA:98,20,0,1
BRDA:108,21,0,8
BRDA:114,22,0,7
BRDA:114,23,0,1
BRDA:115,24,0,7
BRDA:115,25,0,1
BRF:26
BRH:26
end_of_record
